<?xml version="1.0" encoding="UTF-8"?>
<!-- Generated by org.testng.reporters.JUnitXMLReporter -->
<testsuite hostname="9CQX9K3" ignored="0" name="EditorTests" tests="1" failures="1" timestamp="13 May 2022 14:26:53 GMT" time="20.165" errors="0">
  <testcase name="defaultEditorValueTest" time="14.857" classname="com.herokuapp.theinternet.editortests.EditorTests">
    <failure type="java.lang.AssertionError" message="Editor default text is not expected. It is:  expected [true] but found [false]">
      <![CDATA[java.lang.AssertionError: Editor default text is not expected. It is:  expected [true] but found [false]
at com.herokuapp.theinternet.editortests.EditorTests.defaultEditorValueTest(EditorTests.java:33)
at java.util.concurrent.FutureTask.run(FutureTask.java:266)
at java.util.concurrent.ThreadPoolExecutor.runWorker(ThreadPoolExecutor.java:1149)
at java.util.concurrent.ThreadPoolExecutor$Worker.run(ThreadPoolExecutor.java:624)
at java.lang.Thread.run(Thread.java:750)
... Removed 19 stack frames]]>
    </failure>
  </testcase> <!-- defaultEditorValueTest -->
</testsuite> <!-- EditorTests -->
