<?xml version="1.0" encoding="UTF-8"?>
<!-- Generated by org.testng.reporters.JUnitXMLReporter -->
<testsuite hostname="9CQX9K3" ignored="0" name="KeyPressesTests" tests="2" failures="0" timestamp="13 May 2022 14:27:02 GMT" time="14.963" errors="0">
  <testcase name="pressKeyTest" time="3.202" classname="com.herokuapp.theinternet.keypressestests.KeyPressesTests"/>
  <testcase name="pressKeyWithActionsTest" time="1.674" classname="com.herokuapp.theinternet.keypressestests.KeyPressesTests"/>
</testsuite> <!-- KeyPressesTests -->
