<?xml version="1.0" encoding="UTF-8"?>
<!-- Generated by org.testng.reporters.JUnitXMLReporter -->
<testsuite hostname="9CQX9K3" ignored="0" name="NegativeUsernameTest-CH" tests="5" failures="0" timestamp="13 May 2022 14:26:49 GMT" time="43.063" errors="0">
  <testcase name="negativeLogInTest" time="3.577" classname="com.herokuapp.theinternet.loginpagetests.NegativeLogInTests"/>
  <testcase name="negativeLogInTest" time="3.043" classname="com.herokuapp.theinternet.loginpagetests.NegativeLogInTests"/>
  <testcase name="negativeLogInTest" time="3.165" classname="com.herokuapp.theinternet.loginpagetests.NegativeLogInTests"/>
  <testcase name="negativeLogInTest" time="3.434" classname="com.herokuapp.theinternet.loginpagetests.NegativeLogInTests"/>
  <testcase name="negativeLogInTest" time="2.807" classname="com.herokuapp.theinternet.loginpagetests.NegativeLogInTests"/>
</testsuite> <!-- NegativeUsernameTest-CH -->
