<?xml version="1.0" encoding="UTF-8"?>
<!-- Generated by org.testng.reporters.JUnitXMLReporter -->
<testsuite hostname="9CQX9K3" ignored="0" name="UploadTests" tests="3" failures="0" timestamp="13 May 2022 14:27:13 GMT" time="23.643" errors="0">
  <testcase name="fileUploadTest" time="2.274" classname="com.herokuapp.theinternet.uploadtests.UploadTests"/>
  <testcase name="fileUploadTest" time="4.346" classname="com.herokuapp.theinternet.uploadtests.UploadTests"/>
  <testcase name="fileUploadTest" time="2.059" classname="com.herokuapp.theinternet.uploadtests.UploadTests"/>
</testsuite> <!-- UploadTests -->
